<?xml version="1.0" encoding="UTF-8"?>
<testng-results ignored="0" total="1" passed="1" failed="0" skipped="0">
  <reporter-output>
  </reporter-output>
  <suite started-at="2022-03-31T15:52:27 IST" name="Suite" finished-at="2022-03-31T15:52:28 IST" duration-ms="536">
    <groups>
    </groups>
    <test started-at="2022-03-31T15:52:27 IST" name="Test" finished-at="2022-03-31T15:52:28 IST" duration-ms="536">
      <class name="tests.LoginTest">
        <test-method is-config="true" signature="start()[pri:0, instance:tests.LoginTest@76908cc0]" started-at="2022-03-31T15:52:16 IST" name="start" finished-at="2022-03-31T15:52:27 IST" duration-ms="11170" status="PASS">
          <reporter-output>
          </reporter-output>
        </test-method> <!-- start -->
        <test-method signature="login()[pri:0, instance:tests.LoginTest@76908cc0]" started-at="2022-03-31T15:52:27 IST" name="login" finished-at="2022-03-31T15:52:28 IST" duration-ms="491" status="PASS">
          <reporter-output>
          </reporter-output>
        </test-method> <!-- login -->
        <test-method is-config="true" signature="teardown()[pri:0, instance:tests.LoginTest@76908cc0]" started-at="2022-03-31T15:52:28 IST" name="teardown" finished-at="2022-03-31T15:52:32 IST" duration-ms="4233" status="PASS">
          <reporter-output>
          </reporter-output>
        </test-method> <!-- teardown -->
      </class> <!-- tests.LoginTest -->
    </test> <!-- Test -->
  </suite> <!-- Suite -->
</testng-results>
